#
# There is insufficient memory for the Java Runtime Environment to continue.
# Native memory allocation (malloc) failed to allocate 1063776 bytes. Error detail: Chunk::new
# Possible reasons:
#   The system is out of physical RAM or swap space
#   This process is running with CompressedOops enabled, and the Java Heap may be blocking the growth of the native heap
# Possible solutions:
#   Reduce memory load on the system
#   Increase physical memory or swap space
#   Check if swap backing store is full
#   Decrease Java heap size (-Xmx/-Xms)
#   Decrease number of Java threads
#   Decrease Java thread stack sizes (-Xss)
#   Set larger code cache with -XX:ReservedCodeCacheSize=
#   JVM is running with Unscaled Compressed Oops mode in which the Java heap is
#     placed in the first 4GB address space. The Java Heap base address is the
#     maximum limit for the native heap growth. Please use -XX:HeapBaseMinAddress
#     to set the Java Heap base and to place the Java Heap above 4GB virtual address.
# This output file may be truncated or incomplete.
#
#  Out of Memory Error (arena.cpp:149), pid=5316, tid=10280
#
# JRE version: OpenJDK Runtime Environment (23.0.2+7) (build 23.0.2+7-58)
# Java VM: OpenJDK 64-Bit Server VM (23.0.2+7-58, mixed mode, sharing, tiered, compressed oops, compressed class ptrs, g1 gc, windows-amd64)
# No core dump will be written. Minidumps are not enabled by default on client versions of Windows
#

---------------  S U M M A R Y ------------

Command Line: -javaagent:C:\Users\SESI\AppData\Local\JetBrains\IntelliJ IDEA Community Edition 2024.3.4.1\lib\idea_rt.jar=58674 -Dfile.encoding=UTF-8 -Dsun.stdout.encoding=UTF-8 -Dsun.stderr.encoding=UTF-8 com.revisao.ecommerce.EcommerceApplication

Host: 11th Gen Intel(R) Core(TM) i5-1135G7 @ 2.40GHz, 8 cores, 7G,  Windows 11 , 64 bit Build 26100 (10.0.26100.3775)
Time: Mon Apr 28 15:51:18 2025 Hora oficial do Brasil elapsed time: 4.281679 seconds (0d 0h 0m 4s)

---------------  T H R E A D  ---------------

Current thread (0x0000019845306e50):  JavaThread "C2 CompilerThread1" daemon [_thread_in_native, id=10280, stack(0x000000520e600000,0x000000520e700000) (1024K)]


Current CompileTask:
C2:4281 2219       4       java.lang.invoke.MethodType::makeImpl (109 bytes)

Stack: [0x000000520e600000,0x000000520e700000]
Native frames: (J=compiled Java code, j=interpreted, Vv=VM code, C=native code)
V  [jvm.dll+0x6e0b99]  (no source info available)
V  [jvm.dll+0x87e2b3]  (no source info available)
V  [jvm.dll+0x88073e]  (no source info available)
V  [jvm.dll+0x880e13]  (no source info available)
V  [jvm.dll+0x27b006]  (no source info available)
V  [jvm.dll+0xbc06f]  (no source info available)
V  [jvm.dll+0xbc2cb]  (no source info available)
V  [jvm.dll+0x2eea6d]  (no source info available)
V  [jvm.dll+0x606669]  (no source info available)
V  [jvm.dll+0x24def2]  (no source info available)
V  [jvm.dll+0x2469c4]  (no source info available)
V  [jvm.dll+0x243e04]  (no source info available)
V  [jvm.dll+0x1c34b0]  (no source info available)
V  [jvm.dll+0x253df1]  (no source info available)
V  [jvm.dll+0x2520aa]  (no source info available)
V  [jvm.dll+0x3ee226]  (no source info available)
V  [jvm.dll+0x8254cb]  (no source info available)
V  [jvm.dll+0x6df345]  (no source info available)
C  [ucrtbase.dll+0x37b0]  (no source info available)
C  [KERNEL32.DLL+0x2e8d7]  (no source info available)
C  [ntdll.dll+0xb14fc]  (no source info available)

Lock stack of current Java thread (top to bottom):


---------------  P R O C E S S  ---------------

Threads class SMR info:
_java_thread_list=0x0000019845e89b80, length=14, elements={
0x0000019849c35e10, 0x0000019866283370, 0x0000019866285ed0, 0x0000019866288ec0,
0x0000019866289da0, 0x0000019845018090, 0x000001986628b530, 0x0000019845031d70,
0x000001984501f1d0, 0x000001986628d600, 0x0000019845306e50, 0x000001986628aea0,
0x000001986628c250, 0x000001986628dc90
}

Java Threads: ( => current thread )
  0x0000019849c35e10 JavaThread "main"                              [_thread_in_native, id=20012, stack(0x000000520d500000,0x000000520d600000) (1024K)]
  0x0000019866283370 JavaThread "Reference Handler"          daemon [_thread_blocked, id=21368, stack(0x000000520dd00000,0x000000520de00000) (1024K)]
  0x0000019866285ed0 JavaThread "Finalizer"                  daemon [_thread_blocked, id=19444, stack(0x000000520de00000,0x000000520df00000) (1024K)]
  0x0000019866288ec0 JavaThread "Signal Dispatcher"          daemon [_thread_blocked, id=9740, stack(0x000000520df00000,0x000000520e000000) (1024K)]
  0x0000019866289da0 JavaThread "Attach Listener"            daemon [_thread_blocked, id=15736, stack(0x000000520e000000,0x000000520e100000) (1024K)]
  0x0000019845018090 JavaThread "Service Thread"             daemon [_thread_blocked, id=12244, stack(0x000000520e100000,0x000000520e200000) (1024K)]
  0x000001986628b530 JavaThread "Monitor Deflation Thread"   daemon [_thread_blocked, id=6972, stack(0x000000520e200000,0x000000520e300000) (1024K)]
  0x0000019845031d70 JavaThread "C2 CompilerThread0"         daemon [_thread_blocked, id=21400, stack(0x000000520e300000,0x000000520e400000) (1024K)]
  0x000001984501f1d0 JavaThread "C1 CompilerThread0"         daemon [_thread_blocked, id=16828, stack(0x000000520e400000,0x000000520e500000) (1024K)]
  0x000001986628d600 JavaThread "Common-Cleaner"             daemon [_thread_blocked, id=17064, stack(0x000000520e500000,0x000000520e600000) (1024K)]
=>0x0000019845306e50 JavaThread "C2 CompilerThread1"         daemon [_thread_in_native, id=10280, stack(0x000000520e600000,0x000000520e700000) (1024K)]
  0x000001986628aea0 JavaThread "Monitor Ctrl-Break"         daemon [_thread_in_native, id=20044, stack(0x000000520e700000,0x000000520e800000) (1024K)]
  0x000001986628c250 JavaThread "Notification Thread"        daemon [_thread_blocked, id=3140, stack(0x000000520e800000,0x000000520e900000) (1024K)]
  0x000001986628dc90 JavaThread "background-preinit"                [_thread_in_vm, id=20968, stack(0x000000520ef00000,0x000000520f000000) (1024K)]
Total: 14

Other Threads:
  0x000001986626d380 VMThread "VM Thread"                           [id=10340, stack(0x000000520dc00000,0x000000520dd00000) (1024K)]
  0x0000019866259b80 WatcherThread "VM Periodic Task Thread"        [id=6656, stack(0x000000520db00000,0x000000520dc00000) (1024K)]
  0x0000019849c8d330 WorkerThread "GC Thread#0"                     [id=18844, stack(0x000000520d600000,0x000000520d700000) (1024K)]
  0x0000019845d98980 WorkerThread "GC Thread#1"                     [id=8980, stack(0x000000520e900000,0x000000520ea00000) (1024K)]
  0x0000019845d9edb0 WorkerThread "GC Thread#2"                     [id=3996, stack(0x000000520ea00000,0x000000520eb00000) (1024K)]
  0x0000019845da1a10 WorkerThread "GC Thread#3"                     [id=16976, stack(0x000000520eb00000,0x000000520ec00000) (1024K)]
  0x0000019845db10d0 WorkerThread "GC Thread#4"                     [id=14208, stack(0x000000520ec00000,0x000000520ed00000) (1024K)]
  0x0000019845db1480 WorkerThread "GC Thread#5"                     [id=13012, stack(0x000000520ed00000,0x000000520ee00000) (1024K)]
  0x0000019845db1830 WorkerThread "GC Thread#6"                     [id=11084, stack(0x000000520ee00000,0x000000520ef00000) (1024K)]
  0x0000019845e58920 WorkerThread "GC Thread#7"                     [id=5584, stack(0x000000520f000000,0x000000520f100000) (1024K)]
  0x0000019849cbeaa0 ConcurrentGCThread "G1 Main Marker"            [id=19812, stack(0x000000520d700000,0x000000520d800000) (1024K)]
  0x0000019849cbf5b0 WorkerThread "G1 Conc#0"                       [id=14228, stack(0x000000520d800000,0x000000520d900000) (1024K)]
  0x000001986612b4f0 ConcurrentGCThread "G1 Refine#0"               [id=11852, stack(0x000000520d900000,0x000000520da00000) (1024K)]
  0x000001986612ce30 ConcurrentGCThread "G1 Service"                [id=8036, stack(0x000000520da00000,0x000000520db00000) (1024K)]
Total: 14

Threads with active compile tasks:
C2 CompilerThread1  4322 2219       4       java.lang.invoke.MethodType::makeImpl (109 bytes)
Total: 1

VM state: not at safepoint (normal execution)

VM Mutex/Monitor currently owned by a thread: None

Heap address: 0x0000000084000000, size: 1984 MB, Compressed Oops mode: 32-bit

CDS archive(s) mapped at: [0x0000019800000000-0x0000019800d70000-0x0000019800d70000), size 14090240, SharedBaseAddress: 0x0000019800000000, ArchiveRelocationMode: 1.
Compressed class space mapped at: 0x0000019801000000-0x0000019841000000, reserved size: 1073741824
Narrow klass base: 0x0000019800000000, Narrow klass shift: 0, Narrow klass range: 0x41000000

GC Precious Log:
 CardTable entry size: 512
 Card Set container configuration: InlinePtr #cards 5 size 8 Array Of Cards #cards 10 size 36 Howl #buckets 4 coarsen threshold 1843 Howl Bitmap #cards 512 size 80 coarsen threshold 460 Card regions per heap region 1 cards per card region 2048
 CPUs: 8 total, 8 available
 Memory: 7934M
 Large Page Support: Disabled
 NUMA Support: Disabled
 Compressed Oops: Enabled (32-bit)
 Heap Region Size: 1M
 Heap Min Capacity: 8M
 Heap Initial Capacity: 124M
 Heap Max Capacity: 1984M
 Pre-touch: Disabled
 Parallel Workers: 8
 Concurrent Workers: 2
 Concurrent Refinement Workers: 8
 Periodic GC: Disabled

Heap:
 garbage-first heap   total reserved 2031616K, committed 126976K, used 27642K [0x0000000084000000, 0x0000000100000000)
  region size 1024K, 21 young (21504K), 2 survivors (2048K)
 Metaspace       used 18074K, committed 18368K, reserved 1114112K
  class space    used 2330K, committed 2432K, reserved 1048576K

Heap Regions: E=young(eden), S=young(survivor), O=old, HS=humongous(starts), HC=humongous(continues), CS=collection set, F=free, TAMS=top-at-mark-start, PB=parsable bottom
|   0|0x0000000084000000, 0x0000000084100000, 0x0000000084100000|100%|HS|  |TAMS 0x0000000084000000| PB 0x0000000084000000| Complete |  0
|   1|0x0000000084100000, 0x0000000084200000, 0x0000000084200000|100%|HS|  |TAMS 0x0000000084100000| PB 0x0000000084100000| Complete |  0
|   2|0x0000000084200000, 0x0000000084300000, 0x0000000084300000|100%| O|  |TAMS 0x0000000084200000| PB 0x0000000084200000| Untracked |  0
|   3|0x0000000084300000, 0x0000000084400000, 0x0000000084400000|100%| O|  |TAMS 0x0000000084300000| PB 0x0000000084300000| Untracked |  0
|   4|0x0000000084400000, 0x0000000084500000, 0x0000000084500000|100%| O|  |TAMS 0x0000000084400000| PB 0x0000000084400000| Untracked |  0
|   5|0x0000000084500000, 0x0000000084600000, 0x0000000084600000|100%| O|  |TAMS 0x0000000084500000| PB 0x0000000084500000| Untracked |  0
|   6|0x0000000084600000, 0x0000000084700000, 0x0000000084700000|100%| O|  |TAMS 0x0000000084600000| PB 0x0000000084600000| Untracked |  0
|   7|0x0000000084700000, 0x0000000084800000, 0x0000000084800000|100%| O|  |TAMS 0x0000000084700000| PB 0x0000000084700000| Untracked |  0
|   8|0x0000000084800000, 0x0000000084849080, 0x0000000084900000| 28%| O|  |TAMS 0x0000000084800000| PB 0x0000000084800000| Untracked |  0
|   9|0x0000000084900000, 0x0000000084900000, 0x0000000084a00000|  0%| F|  |TAMS 0x0000000084900000| PB 0x0000000084900000| Untracked |  0
|  10|0x0000000084a00000, 0x0000000084a00000, 0x0000000084b00000|  0%| F|  |TAMS 0x0000000084a00000| PB 0x0000000084a00000| Untracked |  0
|  11|0x0000000084b00000, 0x0000000084b00000, 0x0000000084c00000|  0%| F|  |TAMS 0x0000000084b00000| PB 0x0000000084b00000| Untracked |  0
|  12|0x0000000084c00000, 0x0000000084c00000, 0x0000000084d00000|  0%| F|  |TAMS 0x0000000084c00000| PB 0x0000000084c00000| Untracked |  0
|  13|0x0000000084d00000, 0x0000000084d00000, 0x0000000084e00000|  0%| F|  |TAMS 0x0000000084d00000| PB 0x0000000084d00000| Untracked |  0
|  14|0x0000000084e00000, 0x0000000084e00000, 0x0000000084f00000|  0%| F|  |TAMS 0x0000000084e00000| PB 0x0000000084e00000| Untracked |  0
|  15|0x0000000084f00000, 0x0000000084f00000, 0x0000000085000000|  0%| F|  |TAMS 0x0000000084f00000| PB 0x0000000084f00000| Untracked |  0
|  16|0x0000000085000000, 0x0000000085000000, 0x0000000085100000|  0%| F|  |TAMS 0x0000000085000000| PB 0x0000000085000000| Untracked |  0
|  17|0x0000000085100000, 0x0000000085100000, 0x0000000085200000|  0%| F|  |TAMS 0x0000000085100000| PB 0x0000000085100000| Untracked |  0
|  18|0x0000000085200000, 0x0000000085200000, 0x0000000085300000|  0%| F|  |TAMS 0x0000000085200000| PB 0x0000000085200000| Untracked |  0
|  19|0x0000000085300000, 0x0000000085300000, 0x0000000085400000|  0%| F|  |TAMS 0x0000000085300000| PB 0x0000000085300000| Untracked |  0
|  20|0x0000000085400000, 0x0000000085400000, 0x0000000085500000|  0%| F|  |TAMS 0x0000000085400000| PB 0x0000000085400000| Untracked |  0
|  21|0x0000000085500000, 0x0000000085500000, 0x0000000085600000|  0%| F|  |TAMS 0x0000000085500000| PB 0x0000000085500000| Untracked |  0
|  22|0x0000000085600000, 0x0000000085600000, 0x0000000085700000|  0%| F|  |TAMS 0x0000000085600000| PB 0x0000000085600000| Untracked |  0
|  23|0x0000000085700000, 0x0000000085700000, 0x0000000085800000|  0%| F|  |TAMS 0x0000000085700000| PB 0x0000000085700000| Untracked |  0
|  24|0x0000000085800000, 0x0000000085800000, 0x0000000085900000|  0%| F|  |TAMS 0x0000000085800000| PB 0x0000000085800000| Untracked |  0
|  25|0x0000000085900000, 0x0000000085900000, 0x0000000085a00000|  0%| F|  |TAMS 0x0000000085900000| PB 0x0000000085900000| Untracked |  0
|  26|0x0000000085a00000, 0x0000000085a00000, 0x0000000085b00000|  0%| F|  |TAMS 0x0000000085a00000| PB 0x0000000085a00000| Untracked |  0
|  27|0x0000000085b00000, 0x0000000085b00000, 0x0000000085c00000|  0%| F|  |TAMS 0x0000000085b00000| PB 0x0000000085b00000| Untracked |  0
|  28|0x0000000085c00000, 0x0000000085c00000, 0x0000000085d00000|  0%| F|  |TAMS 0x0000000085c00000| PB 0x0000000085c00000| Untracked |  0
|  29|0x0000000085d00000, 0x0000000085d00000, 0x0000000085e00000|  0%| F|  |TAMS 0x0000000085d00000| PB 0x0000000085d00000| Untracked |  0
|  30|0x0000000085e00000, 0x0000000085e00000, 0x0000000085f00000|  0%| F|  |TAMS 0x0000000085e00000| PB 0x0000000085e00000| Untracked |  0
|  31|0x0000000085f00000, 0x0000000085f00000, 0x0000000086000000|  0%| F|  |TAMS 0x0000000085f00000| PB 0x0000000085f00000| Untracked |  0
|  32|0x0000000086000000, 0x0000000086000000, 0x0000000086100000|  0%| F|  |TAMS 0x0000000086000000| PB 0x0000000086000000| Untracked |  0
|  33|0x0000000086100000, 0x0000000086100000, 0x0000000086200000|  0%| F|  |TAMS 0x0000000086100000| PB 0x0000000086100000| Untracked |  0
|  34|0x0000000086200000, 0x0000000086200000, 0x0000000086300000|  0%| F|  |TAMS 0x0000000086200000| PB 0x0000000086200000| Untracked |  0
|  35|0x0000000086300000, 0x0000000086300000, 0x0000000086400000|  0%| F|  |TAMS 0x0000000086300000| PB 0x0000000086300000| Untracked |  0
|  36|0x0000000086400000, 0x0000000086400000, 0x0000000086500000|  0%| F|  |TAMS 0x0000000086400000| PB 0x0000000086400000| Untracked |  0
|  37|0x0000000086500000, 0x0000000086500000, 0x0000000086600000|  0%| F|  |TAMS 0x0000000086500000| PB 0x0000000086500000| Untracked |  0
|  38|0x0000000086600000, 0x0000000086600000, 0x0000000086700000|  0%| F|  |TAMS 0x0000000086600000| PB 0x0000000086600000| Untracked |  0
|  39|0x0000000086700000, 0x0000000086700000, 0x0000000086800000|  0%| F|  |TAMS 0x0000000086700000| PB 0x0000000086700000| Untracked |  0
|  40|0x0000000086800000, 0x0000000086800000, 0x0000000086900000|  0%| F|  |TAMS 0x0000000086800000| PB 0x0000000086800000| Untracked |  0
|  41|0x0000000086900000, 0x0000000086900000, 0x0000000086a00000|  0%| F|  |TAMS 0x0000000086900000| PB 0x0000000086900000| Untracked |  0
|  42|0x0000000086a00000, 0x0000000086a00000, 0x0000000086b00000|  0%| F|  |TAMS 0x0000000086a00000| PB 0x0000000086a00000| Untracked |  0
|  43|0x0000000086b00000, 0x0000000086b00000, 0x0000000086c00000|  0%| F|  |TAMS 0x0000000086b00000| PB 0x0000000086b00000| Untracked |  0
|  44|0x0000000086c00000, 0x0000000086c00000, 0x0000000086d00000|  0%| F|  |TAMS 0x0000000086c00000| PB 0x0000000086c00000| Untracked |  0
|  45|0x0000000086d00000, 0x0000000086d00000, 0x0000000086e00000|  0%| F|  |TAMS 0x0000000086d00000| PB 0x0000000086d00000| Untracked |  0
|  46|0x0000000086e00000, 0x0000000086e00000, 0x0000000086f00000|  0%| F|  |TAMS 0x0000000086e00000| PB 0x0000000086e00000| Untracked |  0
|  47|0x0000000086f00000, 0x0000000086f00000, 0x0000000087000000|  0%| F|  |TAMS 0x0000000086f00000| PB 0x0000000086f00000| Untracked |  0
|  48|0x0000000087000000, 0x0000000087000000, 0x0000000087100000|  0%| F|  |TAMS 0x0000000087000000| PB 0x0000000087000000| Untracked |  0
|  49|0x0000000087100000, 0x0000000087100000, 0x0000000087200000|  0%| F|  |TAMS 0x0000000087100000| PB 0x0000000087100000| Untracked |  0
|  50|0x0000000087200000, 0x0000000087200000, 0x0000000087300000|  0%| F|  |TAMS 0x0000000087200000| PB 0x0000000087200000| Untracked |  0
|  51|0x0000000087300000, 0x0000000087300000, 0x0000000087400000|  0%| F|  |TAMS 0x0000000087300000| PB 0x0000000087300000| Untracked |  0
|  52|0x0000000087400000, 0x0000000087400000, 0x0000000087500000|  0%| F|  |TAMS 0x0000000087400000| PB 0x0000000087400000| Untracked |  0
|  53|0x0000000087500000, 0x0000000087500000, 0x0000000087600000|  0%| F|  |TAMS 0x0000000087500000| PB 0x0000000087500000| Untracked |  0
|  54|0x0000000087600000, 0x0000000087600000, 0x0000000087700000|  0%| F|  |TAMS 0x0000000087600000| PB 0x0000000087600000| Untracked |  0
|  55|0x0000000087700000, 0x0000000087700000, 0x0000000087800000|  0%| F|  |TAMS 0x0000000087700000| PB 0x0000000087700000| Untracked |  0
|  56|0x0000000087800000, 0x0000000087800000, 0x0000000087900000|  0%| F|  |TAMS 0x0000000087800000| PB 0x0000000087800000| Untracked |  0
|  57|0x0000000087900000, 0x0000000087900000, 0x0000000087a00000|  0%| F|  |TAMS 0x0000000087900000| PB 0x0000000087900000| Untracked |  0
|  58|0x0000000087a00000, 0x0000000087a00000, 0x0000000087b00000|  0%| F|  |TAMS 0x0000000087a00000| PB 0x0000000087a00000| Untracked |  0
|  59|0x0000000087b00000, 0x0000000087b00000, 0x0000000087c00000|  0%| F|  |TAMS 0x0000000087b00000| PB 0x0000000087b00000| Untracked |  0
|  60|0x0000000087c00000, 0x0000000087c00000, 0x0000000087d00000|  0%| F|  |TAMS 0x0000000087c00000| PB 0x0000000087c00000| Untracked |  0
|  61|0x0000000087d00000, 0x0000000087d00000, 0x0000000087e00000|  0%| F|  |TAMS 0x0000000087d00000| PB 0x0000000087d00000| Untracked |  0
|  62|0x0000000087e00000, 0x0000000087e00000, 0x0000000087f00000|  0%| F|  |TAMS 0x0000000087e00000| PB 0x0000000087e00000| Untracked |  0
|  63|0x0000000087f00000, 0x0000000087f00000, 0x0000000088000000|  0%| F|  |TAMS 0x0000000087f00000| PB 0x0000000087f00000| Untracked |  0
|  64|0x0000000088000000, 0x0000000088000000, 0x0000000088100000|  0%| F|  |TAMS 0x0000000088000000| PB 0x0000000088000000| Untracked |  0
|  65|0x0000000088100000, 0x0000000088100000, 0x0000000088200000|  0%| F|  |TAMS 0x0000000088100000| PB 0x0000000088100000| Untracked |  0
|  66|0x0000000088200000, 0x0000000088200000, 0x0000000088300000|  0%| F|  |TAMS 0x0000000088200000| PB 0x0000000088200000| Untracked |  0
|  67|0x0000000088300000, 0x0000000088300000, 0x0000000088400000|  0%| F|  |TAMS 0x0000000088300000| PB 0x0000000088300000| Untracked |  0
|  68|0x0000000088400000, 0x0000000088400000, 0x0000000088500000|  0%| F|  |TAMS 0x0000000088400000| PB 0x0000000088400000| Untracked |  0
|  69|0x0000000088500000, 0x0000000088500000, 0x0000000088600000|  0%| F|  |TAMS 0x0000000088500000| PB 0x0000000088500000| Untracked |  0
|  70|0x0000000088600000, 0x0000000088600000, 0x0000000088700000|  0%| F|  |TAMS 0x0000000088600000| PB 0x0000000088600000| Untracked |  0
|  71|0x0000000088700000, 0x0000000088700000, 0x0000000088800000|  0%| F|  |TAMS 0x0000000088700000| PB 0x0000000088700000| Untracked |  0
|  72|0x0000000088800000, 0x0000000088800000, 0x0000000088900000|  0%| F|  |TAMS 0x0000000088800000| PB 0x0000000088800000| Untracked |  0
|  73|0x0000000088900000, 0x0000000088900000, 0x0000000088a00000|  0%| F|  |TAMS 0x0000000088900000| PB 0x0000000088900000| Untracked |  0
|  74|0x0000000088a00000, 0x0000000088a00000, 0x0000000088b00000|  0%| F|  |TAMS 0x0000000088a00000| PB 0x0000000088a00000| Untracked |  0
|  75|0x0000000088b00000, 0x0000000088b00000, 0x0000000088c00000|  0%| F|  |TAMS 0x0000000088b00000| PB 0x0000000088b00000| Untracked |  0
|  76|0x0000000088c00000, 0x0000000088c00000, 0x0000000088d00000|  0%| F|  |TAMS 0x0000000088c00000| PB 0x0000000088c00000| Untracked |  0
|  77|0x0000000088d00000, 0x0000000088d00000, 0x0000000088e00000|  0%| F|  |TAMS 0x0000000088d00000| PB 0x0000000088d00000| Untracked |  0
|  78|0x0000000088e00000, 0x0000000088e00000, 0x0000000088f00000|  0%| F|  |TAMS 0x0000000088e00000| PB 0x0000000088e00000| Untracked |  0
|  79|0x0000000088f00000, 0x0000000088f00000, 0x0000000089000000|  0%| F|  |TAMS 0x0000000088f00000| PB 0x0000000088f00000| Untracked |  0
|  80|0x0000000089000000, 0x0000000089000000, 0x0000000089100000|  0%| F|  |TAMS 0x0000000089000000| PB 0x0000000089000000| Untracked |  0
|  81|0x0000000089100000, 0x0000000089100000, 0x0000000089200000|  0%| F|  |TAMS 0x0000000089100000| PB 0x0000000089100000| Untracked |  0
|  82|0x0000000089200000, 0x0000000089200000, 0x0000000089300000|  0%| F|  |TAMS 0x0000000089200000| PB 0x0000000089200000| Untracked |  0
|  83|0x0000000089300000, 0x0000000089300000, 0x0000000089400000|  0%| F|  |TAMS 0x0000000089300000| PB 0x0000000089300000| Untracked |  0
|  84|0x0000000089400000, 0x0000000089400000, 0x0000000089500000|  0%| F|  |TAMS 0x0000000089400000| PB 0x0000000089400000| Untracked |  0
|  85|0x0000000089500000, 0x0000000089500000, 0x0000000089600000|  0%| F|  |TAMS 0x0000000089500000| PB 0x0000000089500000| Untracked |  0
|  86|0x0000000089600000, 0x0000000089600000, 0x0000000089700000|  0%| F|  |TAMS 0x0000000089600000| PB 0x0000000089600000| Untracked |  0
|  87|0x0000000089700000, 0x0000000089700000, 0x0000000089800000|  0%| F|  |TAMS 0x0000000089700000| PB 0x0000000089700000| Untracked |  0
|  88|0x0000000089800000, 0x0000000089800000, 0x0000000089900000|  0%| F|  |TAMS 0x0000000089800000| PB 0x0000000089800000| Untracked |  0
|  89|0x0000000089900000, 0x0000000089900000, 0x0000000089a00000|  0%| F|  |TAMS 0x0000000089900000| PB 0x0000000089900000| Untracked |  0
|  90|0x0000000089a00000, 0x0000000089a00000, 0x0000000089b00000|  0%| F|  |TAMS 0x0000000089a00000| PB 0x0000000089a00000| Untracked |  0
|  91|0x0000000089b00000, 0x0000000089b00000, 0x0000000089c00000|  0%| F|  |TAMS 0x0000000089b00000| PB 0x0000000089b00000| Untracked |  0
|  92|0x0000000089c00000, 0x0000000089c00000, 0x0000000089d00000|  0%| F|  |TAMS 0x0000000089c00000| PB 0x0000000089c00000| Untracked |  0
|  93|0x0000000089d00000, 0x0000000089d00000, 0x0000000089e00000|  0%| F|  |TAMS 0x0000000089d00000| PB 0x0000000089d00000| Untracked |  0
|  94|0x0000000089e00000, 0x0000000089e00000, 0x0000000089f00000|  0%| F|  |TAMS 0x0000000089e00000| PB 0x0000000089e00000| Untracked |  0
|  95|0x0000000089f00000, 0x0000000089f00000, 0x000000008a000000|  0%| F|  |TAMS 0x0000000089f00000| PB 0x0000000089f00000| Untracked |  0
|  96|0x000000008a000000, 0x000000008a000000, 0x000000008a100000|  0%| F|  |TAMS 0x000000008a000000| PB 0x000000008a000000| Untracked |  0
|  97|0x000000008a100000, 0x000000008a100000, 0x000000008a200000|  0%| F|  |TAMS 0x000000008a100000| PB 0x000000008a100000| Untracked |  0
|  98|0x000000008a200000, 0x000000008a200000, 0x000000008a300000|  0%| F|  |TAMS 0x000000008a200000| PB 0x000000008a200000| Untracked |  0
|  99|0x000000008a300000, 0x000000008a300000, 0x000000008a400000|  0%| F|  |TAMS 0x000000008a300000| PB 0x000000008a300000| Untracked |  0
| 100|0x000000008a400000, 0x000000008a400000, 0x000000008a500000|  0%| F|  |TAMS 0x000000008a400000| PB 0x000000008a400000| Untracked |  0
| 101|0x000000008a500000, 0x000000008a5b5780, 0x000000008a600000| 70%| S|CS|TAMS 0x000000008a500000| PB 0x000000008a500000| Complete |  0
| 102|0x000000008a600000, 0x000000008a700000, 0x000000008a700000|100%| S|CS|TAMS 0x000000008a600000| PB 0x000000008a600000| Complete |  0
| 103|0x000000008a700000, 0x000000008a700000, 0x000000008a800000|  0%| F|  |TAMS 0x000000008a700000| PB 0x000000008a700000| Untracked |  0
| 104|0x000000008a800000, 0x000000008a800000, 0x000000008a900000|  0%| F|  |TAMS 0x000000008a800000| PB 0x000000008a800000| Untracked |  0
| 105|0x000000008a900000, 0x000000008a9b26c0, 0x000000008aa00000| 69%| E|  |TAMS 0x000000008a900000| PB 0x000000008a900000| Complete |  0
| 106|0x000000008aa00000, 0x000000008ab00000, 0x000000008ab00000|100%| E|CS|TAMS 0x000000008aa00000| PB 0x000000008aa00000| Complete |  0
| 107|0x000000008ab00000, 0x000000008ac00000, 0x000000008ac00000|100%| E|  |TAMS 0x000000008ab00000| PB 0x000000008ab00000| Complete |  0
| 108|0x000000008ac00000, 0x000000008ad00000, 0x000000008ad00000|100%| E|CS|TAMS 0x000000008ac00000| PB 0x000000008ac00000| Complete |  0
| 109|0x000000008ad00000, 0x000000008ae00000, 0x000000008ae00000|100%| E|CS|TAMS 0x000000008ad00000| PB 0x000000008ad00000| Complete |  0
| 110|0x000000008ae00000, 0x000000008af00000, 0x000000008af00000|100%| E|CS|TAMS 0x000000008ae00000| PB 0x000000008ae00000| Complete |  0
| 111|0x000000008af00000, 0x000000008b000000, 0x000000008b000000|100%| E|CS|TAMS 0x000000008af00000| PB 0x000000008af00000| Complete |  0
| 112|0x000000008b000000, 0x000000008b100000, 0x000000008b100000|100%| E|CS|TAMS 0x000000008b000000| PB 0x000000008b000000| Complete |  0
| 113|0x000000008b100000, 0x000000008b200000, 0x000000008b200000|100%| E|CS|TAMS 0x000000008b100000| PB 0x000000008b100000| Complete |  0
| 114|0x000000008b200000, 0x000000008b300000, 0x000000008b300000|100%| E|CS|TAMS 0x000000008b200000| PB 0x000000008b200000| Complete |  0
| 115|0x000000008b300000, 0x000000008b400000, 0x000000008b400000|100%| E|CS|TAMS 0x000000008b300000| PB 0x000000008b300000| Complete |  0
| 116|0x000000008b400000, 0x000000008b500000, 0x000000008b500000|100%| E|CS|TAMS 0x000000008b400000| PB 0x000000008b400000| Complete |  0
| 117|0x000000008b500000, 0x000000008b600000, 0x000000008b600000|100%| E|CS|TAMS 0x000000008b500000| PB 0x000000008b500000| Complete |  0
| 118|0x000000008b600000, 0x000000008b700000, 0x000000008b700000|100%| E|CS|TAMS 0x000000008b600000| PB 0x000000008b600000| Complete |  0
| 119|0x000000008b700000, 0x000000008b800000, 0x000000008b800000|100%| E|CS|TAMS 0x000000008b700000| PB 0x000000008b700000| Complete |  0
| 120|0x000000008b800000, 0x000000008b900000, 0x000000008b900000|100%| E|CS|TAMS 0x000000008b800000| PB 0x000000008b800000| Complete |  0
| 121|0x000000008b900000, 0x000000008ba00000, 0x000000008ba00000|100%| E|CS|TAMS 0x000000008b900000| PB 0x000000008b900000| Complete |  0
| 122|0x000000008ba00000, 0x000000008bb00000, 0x000000008bb00000|100%| E|CS|TAMS 0x000000008ba00000| PB 0x000000008ba00000| Complete |  0
| 123|0x000000008bb00000, 0x000000008bc00000, 0x000000008bc00000|100%| E|CS|TAMS 0x000000008bb00000| PB 0x000000008bb00000| Complete |  0

Card table byte_map: [0x0000019861b80000,0x0000019861f60000] _byte_map_base: 0x0000019861760000

Marking Bits: (CMBitMap*) 0x0000019849c8da40
 Bits: [0x0000019861f60000, 0x0000019863e60000)

Polling page: 0x00000198479c0000

Metaspace:

Usage:
  Non-class:     15.41 MB used.
      Class:      2.28 MB used.
       Both:     17.69 MB used.

Virtual space:
  Non-class space:       64.00 MB reserved,      15.56 MB ( 24%) committed,  1 nodes.
      Class space:        1.00 GB reserved,       2.38 MB ( <1%) committed,  1 nodes.
             Both:        1.06 GB reserved,      17.94 MB (  2%) committed. 

Chunk freelists:
   Non-Class:  192.00 KB
       Class:  13.50 MB
        Both:  13.69 MB

MaxMetaspaceSize: unlimited
CompressedClassSpaceSize: 1.00 GB
Initial GC threshold: 21.00 MB
Current GC threshold: 21.00 MB
CDS: on
 - commit_granule_bytes: 65536.
 - commit_granule_words: 8192.
 - virtual_space_node_default_size: 8388608.
 - enlarge_chunks_in_place: 1.
 - use_allocation_guard: 0.


Internal statistics:

num_allocs_failed_limit: 0.
num_arena_births: 302.
num_arena_deaths: 0.
num_vsnodes_births: 2.
num_vsnodes_deaths: 0.
num_space_committed: 287.
num_space_uncommitted: 0.
num_chunks_returned_to_freelist: 0.
num_chunks_taken_from_freelist: 864.
num_chunk_merges: 0.
num_chunk_splits: 566.
num_chunks_enlarged: 388.
num_inconsistent_stats: 0.

CodeHeap 'non-profiled nmethods': size=120064Kb used=765Kb max_used=765Kb free=119298Kb
 bounds [0x0000019859e20000, 0x000001985a090000, 0x0000019861360000]
CodeHeap 'profiled nmethods': size=120000Kb used=3389Kb max_used=3389Kb free=116611Kb
 bounds [0x0000019852360000, 0x00000198526b0000, 0x0000019859890000]
CodeHeap 'non-nmethods': size=5696Kb used=1574Kb max_used=1584Kb free=4121Kb
 bounds [0x0000019859890000, 0x0000019859b00000, 0x0000019859e20000]
CodeCache: size=245760Kb, used=5728Kb, max_used=5738Kb, free=240030Kb
 total_blobs=2999, nmethods=2454, adapters=450, full_count=0
Compilation: enabled, stopped_count=0, restarted_count=0

Compilation events (20 events):
Event: 3.264 Thread 0x000001984501f1d0 nmethod 2424 0x00000198526a0188 code [0x00000198526a04e0, 0x00000198526a1c40]
Event: 3.264 Thread 0x000001984501f1d0 2430       3       sun.util.locale.LanguageTag::parseVariants (98 bytes)
Event: 3.265 Thread 0x000001984501f1d0 nmethod 2430 0x00000198526a1d08 code [0x00000198526a1ec0, 0x00000198526a25f0]
Event: 3.265 Thread 0x000001984501f1d0 2415       3       sun.util.locale.StringTokenIterator::<init> (51 bytes)
Event: 3.265 Thread 0x000001984501f1d0 nmethod 2415 0x00000198526a2688 code [0x00000198526a2840, 0x00000198526a3080]
Event: 3.265 Thread 0x000001984501f1d0 2416       3       sun.util.locale.StringTokenIterator::setStart (62 bytes)
Event: 3.265 Thread 0x000001984501f1d0 nmethod 2416 0x00000198526a3108 code [0x00000198526a3280, 0x00000198526a3698]
Event: 3.265 Thread 0x000001984501f1d0 2417       3       sun.util.locale.LanguageTag::<init> (50 bytes)
Event: 3.266 Thread 0x000001984501f1d0 nmethod 2417 0x00000198526a3708 code [0x00000198526a3880, 0x00000198526a3e00]
Event: 3.266 Thread 0x000001984501f1d0 2418       3       sun.util.locale.LanguageTag::parseLanguage (55 bytes)
Event: 3.266 Thread 0x000001984501f1d0 nmethod 2418 0x00000198526a3e88 code [0x00000198526a4000, 0x00000198526a4608]
Event: 3.266 Thread 0x000001984501f1d0 2419       3       sun.util.locale.LanguageTag::isLanguage (29 bytes)
Event: 3.266 Thread 0x000001984501f1d0 nmethod 2419 0x00000198526a4688 code [0x00000198526a4860, 0x00000198526a5288]
Event: 3.267 Thread 0x000001984501f1d0 2429       3       sun.util.locale.LanguageTag::getVariants (24 bytes)
Event: 3.267 Thread 0x000001984501f1d0 nmethod 2429 0x00000198526a5308 code [0x00000198526a5460, 0x00000198526a5730]
Event: 3.267 Thread 0x000001984501f1d0 2431       3       sun.util.locale.LanguageTag::getExtensions (24 bytes)
Event: 3.267 Thread 0x000001984501f1d0 nmethod 2431 0x00000198526a5788 code [0x00000198526a58e0, 0x00000198526a5bb0]
Event: 3.267 Thread 0x000001984501f1d0 2425       3       sun.util.locale.LanguageTag::parsePrivateuse (144 bytes)
Event: 3.268 Thread 0x000001984501f1d0 nmethod 2425 0x00000198526a5c08 code [0x00000198526a5e80, 0x00000198526a6d40]
Event: 3.268 Thread 0x000001984501f1d0 2426       3       sun.util.locale.InternalLocaleBuilder::setLanguageTag (173 bytes)

GC Heap History (4 events):
Event: 0.695 GC heap before
{Heap before GC invocations=0 (full 0):
 garbage-first heap   total reserved 2031616K, committed 126976K, used 25600K [0x0000000084000000, 0x0000000100000000)
  region size 1024K, 24 young (24576K), 0 survivors (0K)
 Metaspace       used 7217K, committed 7488K, reserved 1114112K
  class space    used 878K, committed 960K, reserved 1048576K
}
Event: 0.703 GC heap after
{Heap after GC invocations=1 (full 0):
 garbage-first heap   total reserved 2031616K, committed 126976K, used 8384K [0x0000000084000000, 0x0000000100000000)
  region size 1024K, 3 young (3072K), 3 survivors (3072K)
 Metaspace       used 7217K, committed 7488K, reserved 1114112K
  class space    used 878K, committed 960K, reserved 1048576K
}
Event: 1.014 GC heap before
{Heap before GC invocations=1 (full 0):
 garbage-first heap   total reserved 2031616K, committed 126976K, used 28864K [0x0000000084000000, 0x0000000100000000)
  region size 1024K, 24 young (24576K), 3 survivors (3072K)
 Metaspace       used 12200K, committed 12480K, reserved 1114112K
  class space    used 1657K, committed 1792K, reserved 1048576K
}
Event: 1.017 GC heap after
{Heap after GC invocations=2 (full 0):
 garbage-first heap   total reserved 2031616K, committed 126976K, used 10234K [0x0000000084000000, 0x0000000100000000)
  region size 1024K, 2 young (2048K), 2 survivors (2048K)
 Metaspace       used 12200K, committed 12480K, reserved 1114112K
  class space    used 1657K, committed 1792K, reserved 1048576K
}

Dll operation events (9 events):
Event: 0.010 Loaded shared library C:\Users\SESI\.jdks\openjdk-23.0.2\bin\java.dll
Event: 0.046 Loaded shared library C:\Users\SESI\.jdks\openjdk-23.0.2\bin\jsvml.dll
Event: 0.120 Loaded shared library C:\Users\SESI\.jdks\openjdk-23.0.2\bin\zip.dll
Event: 0.123 Loaded shared library C:\Users\SESI\.jdks\openjdk-23.0.2\bin\instrument.dll
Event: 0.127 Loaded shared library C:\Users\SESI\.jdks\openjdk-23.0.2\bin\net.dll
Event: 0.129 Loaded shared library C:\Users\SESI\.jdks\openjdk-23.0.2\bin\nio.dll
Event: 0.133 Loaded shared library C:\Users\SESI\.jdks\openjdk-23.0.2\bin\zip.dll
Event: 0.211 Loaded shared library C:\Users\SESI\.jdks\openjdk-23.0.2\bin\extnet.dll
Event: 0.246 Loaded shared library C:\Users\SESI\.jdks\openjdk-23.0.2\bin\jimage.dll

Deoptimization events (20 events):
Event: 1.116 Thread 0x0000019849c35e10 Uncommon trap: trap_request=0xffffff45 fr.pc=0x0000019859e680c8 relative=0x0000000000000868
Event: 1.116 Thread 0x0000019849c35e10 Uncommon trap: reason=unstable_if action=reinterpret pc=0x0000019859e680c8 method=java.util.zip.ZipCoder.hash(Ljava/lang/String;)I @ 23 c2
Event: 1.116 Thread 0x0000019849c35e10 DEOPT PACKING pc=0x0000019859e680c8 sp=0x000000520d5fdef0
Event: 1.116 Thread 0x0000019849c35e10 DEOPT UNPACKING pc=0x00000198598e7982 sp=0x000000520d5fdda0 mode 2
Event: 1.116 Thread 0x0000019849c35e10 Uncommon trap: trap_request=0xffffff45 fr.pc=0x0000019859e663ec relative=0x000000000000062c
Event: 1.116 Thread 0x0000019849c35e10 Uncommon trap: reason=unstable_if action=reinterpret pc=0x0000019859e663ec method=java.util.zip.ZipCoder.hash(Ljava/lang/String;)I @ 23 c2
Event: 1.116 Thread 0x0000019849c35e10 DEOPT PACKING pc=0x0000019859e663ec sp=0x000000520d5fde80
Event: 1.116 Thread 0x0000019849c35e10 DEOPT UNPACKING pc=0x00000198598e7982 sp=0x000000520d5fdda0 mode 2
Event: 1.116 Thread 0x0000019849c35e10 Uncommon trap: trap_request=0xffffff45 fr.pc=0x0000019859e64a24 relative=0x0000000000000344
Event: 1.116 Thread 0x0000019849c35e10 Uncommon trap: reason=unstable_if action=reinterpret pc=0x0000019859e64a24 method=java.util.zip.ZipCoder.hash(Ljava/lang/String;)I @ 23 c2
Event: 1.116 Thread 0x0000019849c35e10 DEOPT PACKING pc=0x0000019859e64a24 sp=0x000000520d5fde10
Event: 1.116 Thread 0x0000019849c35e10 DEOPT UNPACKING pc=0x00000198598e7982 sp=0x000000520d5fdd98 mode 2
Event: 1.117 Thread 0x0000019849c35e10 Uncommon trap: trap_request=0xffffff45 fr.pc=0x0000019859e3b7cc relative=0x000000000000004c
Event: 1.117 Thread 0x0000019849c35e10 Uncommon trap: reason=unstable_if action=reinterpret pc=0x0000019859e3b7cc method=sun.nio.fs.WindowsPathParser.isSlash(C)Z @ 9 c2
Event: 1.117 Thread 0x0000019849c35e10 DEOPT PACKING pc=0x0000019859e3b7cc sp=0x000000520d5fe020
Event: 1.117 Thread 0x0000019849c35e10 DEOPT UNPACKING pc=0x00000198598e7982 sp=0x000000520d5fdfa8 mode 2
Event: 1.226 Thread 0x0000019849c35e10 Uncommon trap: trap_request=0xffffff45 fr.pc=0x0000019859ea6b08 relative=0x00000000000000e8
Event: 1.226 Thread 0x0000019849c35e10 Uncommon trap: reason=unstable_if action=reinterpret pc=0x0000019859ea6b08 method=java.util.Arrays.equals([Ljava/lang/Object;[Ljava/lang/Object;)Z @ 44 c2
Event: 1.226 Thread 0x0000019849c35e10 DEOPT PACKING pc=0x0000019859ea6b08 sp=0x000000520d5fd640
Event: 1.226 Thread 0x0000019849c35e10 DEOPT UNPACKING pc=0x00000198598e7982 sp=0x000000520d5fd5e0 mode 2

Classes loaded (20 events):
Event: 1.124 Loading class jdk/xml/internal/JdkProperty
Event: 1.124 Loading class jdk/xml/internal/JdkProperty done
Event: 1.220 Loading class java/beans/Transient
Event: 1.220 Loading class java/beans/Transient done
Event: 1.220 Loading class java/beans/ConstructorProperties
Event: 1.220 Loading class java/beans/ConstructorProperties done
Event: 1.223 Loading class java/io/InvalidObjectException
Event: 1.223 Loading class java/io/InvalidObjectException done
Event: 1.225 Loading class java/util/concurrent/ConcurrentLinkedQueue
Event: 1.225 Loading class java/util/concurrent/ConcurrentLinkedQueue done
Event: 1.225 Loading class java/util/concurrent/ConcurrentLinkedQueue$Node
Event: 1.225 Loading class java/util/concurrent/ConcurrentLinkedQueue$Node done
Event: 1.227 Loading class java/util/concurrent/atomic/AtomicLongArray
Event: 1.227 Loading class java/util/concurrent/atomic/AtomicLongArray done
Event: 1.227 Loading class java/lang/invoke/VarHandleLongs$Array
Event: 1.227 Loading class java/lang/invoke/VarHandleLongs$Array done
Event: 1.227 Loading class java/util/concurrent/atomic/AtomicReferenceArray
Event: 1.227 Loading class java/util/concurrent/atomic/AtomicReferenceArray done
Event: 1.227 Loading class java/lang/invoke/VarHandleReferences$Array
Event: 1.227 Loading class java/lang/invoke/VarHandleReferences$Array done

Classes unloaded (0 events):
No events

Classes redefined (0 events):
No events

Internal exceptions (20 events):
Event: 0.703 Thread 0x0000019849c35e10 Exception <a 'java/lang/NoSuchMethodError'{0x000000008bb005f0}: 'java.lang.Object java.lang.invoke.DirectMethodHandle$Holder.invokeSpecial(java.lang.Object, java.lang.Object, java.lang.Object, java.lang.Object, java.lang.Object, java.lang.Object, java.lang.Object, int)'> (0x000000008bb005f0) 
thrown [s\open\src\hotspot\share\interpreter\linkResolver.cpp, line 796]
Event: 0.728 Thread 0x0000019849c35e10 Exception <a 'java/lang/NoSuchMethodError'{0x000000008babcec8}: 'int java.lang.invoke.DirectMethodHandle$Holder.invokeInterface(java.lang.Object, java.lang.Object)'> (0x000000008babcec8) 
thrown [s\open\src\hotspot\share\interpreter\linkResolver.cpp, line 796]
Event: 0.731 Thread 0x0000019849c35e10 Exception <a 'java/lang/NoSuchMethodError'{0x000000008bade1e8}: 'void java.lang.invoke.DirectMethodHandle$Holder.invokeSpecial(java.lang.Object, java.lang.Object, java.lang.Object, java.lang.Object, java.lang.Object)'> (0x000000008bade1e8) 
thrown [s\open\src\hotspot\share\interpreter\linkResolver.cpp, line 796]
Event: 0.758 Thread 0x0000019849c35e10 Exception <a 'java/lang/NoSuchMethodError'{0x000000008b9bcc78}: 'java.lang.Object java.lang.invoke.DirectMethodHandle$Holder.invokeSpecial(java.lang.Object, java.lang.Object, java.lang.Object, int, java.lang.Object)'> (0x000000008b9bcc78) 
thrown [s\open\src\hotspot\share\interpreter\linkResolver.cpp, line 796]
Event: 0.759 Thread 0x0000019849c35e10 Exception <a 'java/lang/NoSuchMethodError'{0x000000008b9c4780}: 'java.lang.Object java.lang.invoke.DirectMethodHandle$Holder.newInvokeSpecial(java.lang.Object, java.lang.Object, java.lang.Object, int, java.lang.Object)'> (0x000000008b9c4780) 
thrown [s\open\src\hotspot\share\interpreter\linkResolver.cpp, line 796]
Event: 0.759 Thread 0x0000019849c35e10 Exception <a 'java/lang/NoSuchMethodError'{0x000000008b9cbd58}: 'java.lang.Object java.lang.invoke.Invokers$Holder.linkToTargetMethod(java.lang.Object, java.lang.Object, int, java.lang.Object, java.lang.Object)'> (0x000000008b9cbd58) 
thrown [s\open\src\hotspot\share\interpreter\linkResolver.cpp, line 796]
Event: 0.759 Thread 0x0000019849c35e10 Exception <a 'java/lang/NoSuchMethodError'{0x000000008b9d29b0}: 'int java.lang.invoke.DirectMethodHandle$Holder.invokeStatic(java.lang.Object, int, java.lang.Object, java.lang.Object)'> (0x000000008b9d29b0) 
thrown [s\open\src\hotspot\share\interpreter\linkResolver.cpp, line 796]
Event: 0.760 Thread 0x0000019849c35e10 Exception <a 'java/lang/NoSuchMethodError'{0x000000008b9d9dc0}: 'java.lang.Object java.lang.invoke.DirectMethodHandle$Holder.newInvokeSpecial(java.lang.Object, int, java.lang.Object)'> (0x000000008b9d9dc0) 
thrown [s\open\src\hotspot\share\interpreter\linkResolver.cpp, line 796]
Event: 0.760 Thread 0x0000019849c35e10 Exception <a 'java/lang/NoSuchMethodError'{0x000000008b9dea00}: 'int java.lang.invoke.DirectMethodHandle$Holder.invokeSpecialIFC(java.lang.Object, java.lang.Object, java.lang.Object, java.lang.Object)'> (0x000000008b9dea00) 
thrown [s\open\src\hotspot\share\interpreter\linkResolver.cpp, line 796]
Event: 0.775 Thread 0x0000019849c35e10 Exception <a 'java/lang/NoSuchMethodError'{0x000000008b8acf00}: 'void java.lang.invoke.DirectMethodHandle$Holder.invokeInterface(java.lang.Object, java.lang.Object, java.lang.Object)'> (0x000000008b8acf00) 
thrown [s\open\src\hotspot\share\interpreter\linkResolver.cpp, line 796]
Event: 0.788 Thread 0x0000019849c35e10 Exception <a 'java/lang/NoSuchMethodError'{0x000000008b7317a0}: 'void java.lang.invoke.DirectMethodHandle$Holder.invokeStaticInit(java.lang.Object, java.lang.Object, java.lang.Object)'> (0x000000008b7317a0) 
thrown [s\open\src\hotspot\share\interpreter\linkResolver.cpp, line 796]
Event: 0.803 Thread 0x0000019849c35e10 Exception <a 'java/lang/NoSuchMethodError'{0x000000008b7cdef0}: 'void java.lang.invoke.DirectMethodHandle$Holder.invokeVirtual(java.lang.Object, java.lang.Object, java.lang.Object, java.lang.Object)'> (0x000000008b7cdef0) 
thrown [s\open\src\hotspot\share\interpreter\linkResolver.cpp, line 796]
Event: 0.858 Thread 0x0000019849c35e10 Exception <a 'java/lang/NoSuchMethodError'{0x000000008b43d680}: 'java.lang.reflect.Field[] java.lang.Class.getDeclaredFields(java.lang.Class)'> (0x000000008b43d680) 
thrown [s\open\src\hotspot\share\interpreter\linkResolver.cpp, line 796]
Event: 0.859 Thread 0x0000019849c35e10 Exception <a 'java/lang/NoSuchMethodError'{0x000000008b442090}: 'java.lang.Object java.lang.invoke.DirectMethodHandle$Holder.invokeStatic(java.lang.Object, java.lang.Object, int)'> (0x000000008b442090) 
thrown [s\open\src\hotspot\share\interpreter\linkResolver.cpp, line 796]
Event: 0.860 Thread 0x0000019849c35e10 Exception <a 'java/lang/NoSuchMethodError'{0x000000008b44d248}: 'void java.lang.invoke.DelegatingMethodHandle$Holder.delegate(java.lang.Object, java.lang.Object, int, java.lang.Object)'> (0x000000008b44d248) 
thrown [s\open\src\hotspot\share\interpreter\linkResolver.cpp, line 796]
Event: 0.870 Thread 0x0000019849c35e10 Exception <a 'java/lang/IncompatibleClassChangeError'{0x000000008b346d68}: Found class java.lang.Object, but interface was expected> (0x000000008b346d68) 
thrown [s\open\src\hotspot\share\interpreter\linkResolver.cpp, line 863]
Event: 0.878 Thread 0x0000019849c35e10 Exception <a 'java/lang/NoSuchMethodError'{0x000000008b364778}: 'int java.lang.invoke.DirectMethodHandle$Holder.invokeVirtual(java.lang.Object, java.lang.Object)'> (0x000000008b364778) 
thrown [s\open\src\hotspot\share\interpreter\linkResolver.cpp, line 796]
Event: 1.112 Thread 0x0000019849c35e10 Exception <a 'java/lang/NoSuchMethodError'{0x000000008b34f858}: 'java.lang.Object java.lang.invoke.DirectMethodHandle$Holder.invokeVirtual(java.lang.Object, java.lang.Object, java.lang.Object)'> (0x000000008b34f858) 
thrown [s\open\src\hotspot\share\interpreter\linkResolver.cpp, line 796]
Event: 1.118 Thread 0x0000019849c35e10 Exception <a 'java/lang/NoSuchMethodError'{0x000000008b37d350}: 'int java.lang.invoke.DirectMethodHandle$Holder.invokeSpecial(java.lang.Object, java.lang.Object, java.lang.Object, java.lang.Object, java.lang.Object)'> (0x000000008b37d350) 
thrown [s\open\src\hotspot\share\interpreter\linkResolver.cpp, line 796]
Event: 1.120 Thread 0x0000019849c35e10 Exception <a 'java/lang/NoSuchMethodError'{0x000000008b385910}: 'void java.lang.invoke.DirectMethodHandle$Holder.invokeVirtual(java.lang.Object, java.lang.Object)'> (0x000000008b385910) 
thrown [s\open\src\hotspot\share\interpreter\linkResolver.cpp, line 796]

VM Operations (20 events):
Event: 0.482 Executing VM operation: HandshakeAllThreads (Deoptimize)
Event: 0.482 Executing VM operation: HandshakeAllThreads (Deoptimize) done
Event: 0.558 Executing VM operation: HandshakeAllThreads (Deoptimize)
Event: 0.558 Executing VM operation: HandshakeAllThreads (Deoptimize) done
Event: 0.695 Executing VM operation: G1CollectForAllocation (G1 Evacuation Pause)
Event: 0.703 Executing VM operation: G1CollectForAllocation (G1 Evacuation Pause) done
Event: 0.737 Executing VM operation: HandshakeAllThreads (Deoptimize)
Event: 0.737 Executing VM operation: HandshakeAllThreads (Deoptimize) done
Event: 0.847 Executing VM operation: HandshakeAllThreads (Deoptimize)
Event: 0.848 Executing VM operation: HandshakeAllThreads (Deoptimize) done
Event: 0.850 Executing VM operation: HandshakeAllThreads (Deoptimize)
Event: 0.850 Executing VM operation: HandshakeAllThreads (Deoptimize) done
Event: 0.850 Executing VM operation: HandshakeAllThreads (Deoptimize)
Event: 0.850 Executing VM operation: HandshakeAllThreads (Deoptimize) done
Event: 0.858 Executing VM operation: HandshakeAllThreads (Deoptimize)
Event: 0.858 Executing VM operation: HandshakeAllThreads (Deoptimize) done
Event: 1.014 Executing VM operation: G1CollectForAllocation (G1 Evacuation Pause)
Event: 1.018 Executing VM operation: G1CollectForAllocation (G1 Evacuation Pause) done
Event: 1.102 Executing VM operation: HandshakeAllThreads (Deoptimize)
Event: 1.102 Executing VM operation: HandshakeAllThreads (Deoptimize) done

Memory protections (0 events):
No events

Nmethod flushes (0 events):
No events

Events (14 events):
Event: 0.030 Thread 0x0000019849c35e10 Thread added: 0x0000019849c35e10
Event: 0.043 Thread 0x0000019849c35e10 Thread added: 0x0000019866283370
Event: 0.043 Thread 0x0000019849c35e10 Thread added: 0x0000019866285ed0
Event: 0.043 Thread 0x0000019849c35e10 Thread added: 0x0000019866288ec0
Event: 0.043 Thread 0x0000019849c35e10 Thread added: 0x0000019866289da0
Event: 0.043 Thread 0x0000019849c35e10 Thread added: 0x0000019845018090
Event: 0.044 Thread 0x0000019849c35e10 Thread added: 0x000001986628b530
Event: 0.044 Thread 0x0000019849c35e10 Thread added: 0x0000019845031d70
Event: 0.044 Thread 0x0000019849c35e10 Thread added: 0x000001984501f1d0
Event: 0.097 Thread 0x0000019849c35e10 Thread added: 0x000001986628d600
Event: 0.155 Thread 0x000001984501f1d0 Thread added: 0x0000019845306e50
Event: 0.204 Thread 0x0000019849c35e10 Thread added: 0x000001986628aea0
Event: 0.204 Thread 0x0000019849c35e10 Thread added: 0x000001986628c250
Event: 0.854 Thread 0x0000019849c35e10 Thread added: 0x000001986628dc90


Dynamic libraries:
0x00007ff66df70000 - 0x00007ff66df7e000 	C:\Users\SESI\.jdks\openjdk-23.0.2\bin\java.exe
0x00007ffa447a0000 - 0x00007ffa44a00000 	C:\Windows\SYSTEM32\ntdll.dll
0x00007ffa44360000 - 0x00007ffa44427000 	C:\Windows\System32\KERNEL32.DLL
0x00007ffa41d30000 - 0x00007ffa420fa000 	C:\Windows\System32\KERNELBASE.dll
0x00007ffa42450000 - 0x00007ffa4259b000 	C:\Windows\System32\ucrtbase.dll
0x00007ffa34180000 - 0x00007ffa3419b000 	C:\Users\SESI\.jdks\openjdk-23.0.2\bin\VCRUNTIME140.dll
0x00007ffa2c000000 - 0x00007ffa2c017000 	C:\Users\SESI\.jdks\openjdk-23.0.2\bin\jli.dll
0x00007ffa43a10000 - 0x00007ffa43bdc000 	C:\Windows\System32\USER32.dll
0x00007ffa26930000 - 0x00007ffa26bc7000 	C:\Windows\WinSxS\amd64_microsoft.windows.common-controls_6595b64144ccf1df_6.0.26100.3624_none_3e086962e3345f24\COMCTL32.dll
0x00007ffa41d00000 - 0x00007ffa41d27000 	C:\Windows\System32\win32u.dll
0x00007ffa42790000 - 0x00007ffa427ba000 	C:\Windows\System32\GDI32.dll
0x00007ffa442b0000 - 0x00007ffa44359000 	C:\Windows\System32\msvcrt.dll
0x00007ffa42310000 - 0x00007ffa42441000 	C:\Windows\System32\gdi32full.dll
0x00007ffa41b00000 - 0x00007ffa41ba3000 	C:\Windows\System32\msvcp_win.dll
0x00007ffa43300000 - 0x00007ffa4332f000 	C:\Windows\System32\IMM32.DLL
0x00007ffa3b980000 - 0x00007ffa3b98c000 	C:\Users\SESI\.jdks\openjdk-23.0.2\bin\vcruntime140_1.dll
0x00007ffa28db0000 - 0x00007ffa28e3e000 	C:\Users\SESI\.jdks\openjdk-23.0.2\bin\msvcp140.dll
0x00007ff9c1860000 - 0x00007ff9c25b0000 	C:\Users\SESI\.jdks\openjdk-23.0.2\bin\server\jvm.dll
0x00007ffa43500000 - 0x00007ffa435b2000 	C:\Windows\System32\ADVAPI32.dll
0x00007ffa43420000 - 0x00007ffa434c6000 	C:\Windows\System32\sechost.dll
0x00007ffa44520000 - 0x00007ffa44636000 	C:\Windows\System32\RPCRT4.dll
0x00007ffa43280000 - 0x00007ffa432f4000 	C:\Windows\System32\WS2_32.dll
0x00007ffa417f0000 - 0x00007ffa4184e000 	C:\Windows\SYSTEM32\POWRPROF.dll
0x00007ffa348a0000 - 0x00007ffa348d6000 	C:\Windows\SYSTEM32\WINMM.dll
0x00007ffa3c8d0000 - 0x00007ffa3c8db000 	C:\Windows\SYSTEM32\VERSION.dll
0x00007ffa417d0000 - 0x00007ffa417e4000 	C:\Windows\SYSTEM32\UMPDC.dll
0x00007ffa40790000 - 0x00007ffa407aa000 	C:\Windows\SYSTEM32\kernel.appcore.dll
0x00007ffa2c040000 - 0x00007ffa2c04a000 	C:\Users\SESI\.jdks\openjdk-23.0.2\bin\jimage.dll
0x00007ffa3f250000 - 0x00007ffa3f491000 	C:\Windows\SYSTEM32\DBGHELP.DLL
0x00007ffa42ef0000 - 0x00007ffa43272000 	C:\Windows\System32\combase.dll
0x00007ffa43340000 - 0x00007ffa43416000 	C:\Windows\System32\OLEAUT32.dll
0x00007ffa25630000 - 0x00007ffa25669000 	C:\Windows\SYSTEM32\dbgcore.DLL
0x00007ffa42270000 - 0x00007ffa42309000 	C:\Windows\System32\bcryptPrimitives.dll
0x00007ffa29000000 - 0x00007ffa2900f000 	C:\Users\SESI\.jdks\openjdk-23.0.2\bin\instrument.dll
0x00007ffa2bf10000 - 0x00007ffa2bf2e000 	C:\Users\SESI\.jdks\openjdk-23.0.2\bin\java.dll
0x00007ffa43610000 - 0x00007ffa437a6000 	C:\Windows\System32\ole32.dll
0x00007ffa427c0000 - 0x00007ffa42ee9000 	C:\Windows\System32\SHELL32.dll
0x00007ffa42100000 - 0x00007ffa42268000 	C:\Windows\System32\wintypes.dll
0x00007ffa3f640000 - 0x00007ffa3fe92000 	C:\Windows\SYSTEM32\windows.storage.dll
0x00007ffa44430000 - 0x00007ffa4451d000 	C:\Windows\System32\SHCORE.dll
0x00007ffa446f0000 - 0x00007ffa44754000 	C:\Windows\System32\shlwapi.dll
0x00007ffa41890000 - 0x00007ffa418bf000 	C:\Windows\SYSTEM32\profapi.dll
0x00007ffa18db0000 - 0x00007ffa18e87000 	C:\Users\SESI\.jdks\openjdk-23.0.2\bin\jsvml.dll
0x00007ffa28f20000 - 0x00007ffa28f37000 	C:\Users\SESI\.jdks\openjdk-23.0.2\bin\zip.dll
0x00007ffa2bfe0000 - 0x00007ffa2bff0000 	C:\Users\SESI\.jdks\openjdk-23.0.2\bin\net.dll
0x00007ffa40cb0000 - 0x00007ffa40d1a000 	C:\Windows\system32\mswsock.dll
0x00007ffa28f50000 - 0x00007ffa28f66000 	C:\Users\SESI\.jdks\openjdk-23.0.2\bin\nio.dll
0x00007ffa29290000 - 0x00007ffa29299000 	C:\Users\SESI\.jdks\openjdk-23.0.2\bin\extnet.dll

dbghelp: loaded successfully - version: 4.0.5 - missing functions: none
symbol engine: initialized successfully - sym options: 0x614 - pdb path: .;C:\Users\SESI\.jdks\openjdk-23.0.2\bin;C:\Windows\SYSTEM32;C:\Windows\WinSxS\amd64_microsoft.windows.common-controls_6595b64144ccf1df_6.0.26100.3624_none_3e086962e3345f24;C:\Users\SESI\.jdks\openjdk-23.0.2\bin\server

VM Arguments:
jvm_args: -javaagent:C:\Users\SESI\AppData\Local\JetBrains\IntelliJ IDEA Community Edition 2024.3.4.1\lib\idea_rt.jar=58674 -Dfile.encoding=UTF-8 -Dsun.stdout.encoding=UTF-8 -Dsun.stderr.encoding=UTF-8 
java_command: com.revisao.ecommerce.EcommerceApplication
java_class_path (initial): C:\Users\SESI\Documents\InteliJ\EcommerceNew\target\classes;C:\Users\SESI\.m2\repository\org\springframework\boot\spring-boot-starter-data-jpa\3.4.2\spring-boot-starter-data-jpa-3.4.2.jar;C:\Users\SESI\.m2\repository\org\springframework\boot\spring-boot-starter\3.4.2\spring-boot-starter-3.4.2.jar;C:\Users\SESI\.m2\repository\org\springframework\boot\spring-boot\3.4.2\spring-boot-3.4.2.jar;C:\Users\SESI\.m2\repository\org\springframework\boot\spring-boot-autoconfigure\3.4.2\spring-boot-autoconfigure-3.4.2.jar;C:\Users\SESI\.m2\repository\org\springframework\boot\spring-boot-starter-logging\3.4.2\spring-boot-starter-logging-3.4.2.jar;C:\Users\SESI\.m2\repository\ch\qos\logback\logback-classic\1.5.16\logback-classic-1.5.16.jar;C:\Users\SESI\.m2\repository\ch\qos\logback\logback-core\1.5.16\logback-core-1.5.16.jar;C:\Users\SESI\.m2\repository\org\apache\logging\log4j\log4j-to-slf4j\2.24.3\log4j-to-slf4j-2.24.3.jar;C:\Users\SESI\.m2\repository\org\apache\logging\log4j\log4j-api\2.24.3\log4j-api-2.24.3.jar;C:\Users\SESI\.m2\repository\org\slf4j\jul-to-slf4j\2.0.16\jul-to-slf4j-2.0.16.jar;C:\Users\SESI\.m2\repository\jakarta\annotation\jakarta.annotation-api\2.1.1\jakarta.annotation-api-2.1.1.jar;C:\Users\SESI\.m2\repository\org\yaml\snakeyaml\2.3\snakeyaml-2.3.jar;C:\Users\SESI\.m2\repository\org\springframework\boot\spring-boot-starter-jdbc\3.4.2\spring-boot-starter-jdbc-3.4.2.jar;C:\Users\SESI\.m2\repository\com\zaxxer\HikariCP\5.1.0\HikariCP-5.1.0.jar;C:\Users\SESI\.m2\repository\org\springframework\spring-jdbc\6.2.2\spring-jdbc-6.2.2.jar;C:\Users\SESI\.m2\repository\org\hibernate\orm\hibernate-core\6.6.5.Final\hibernate-core-6.6.5.Final.jar;C:\Users\SESI\.m2\repository\jakarta\persistence\jakarta.persistence-api\3.1.0\jakarta.persistence-api-3.1.0.jar;C:\Users\SESI\.m2\repository\jakarta\transaction\jakarta.transaction-api\2.0.1\jakarta.transaction-api-2.0.1.jar;C:\Users\SESI\.m2\repository\org\jboss\logging\jboss-logging\3.6.1.Final\jboss-logging-3.6.1.Final.jar;C:\Users\SESI\.m2\repository\org\hibernate\common\hibernate-commons-annotations\7.0.3.Final\hibernate-commons-annotations-7.0.3.Final.jar;C:\Users\SESI\.m2\repository\io\smallrye\jandex\3.2.0\jandex-3.2.0.jar;C:\Users\SESI\.m2\repository\com\fasterxml\classmate\1.7.0\classmate-1.7.0.jar;C:\Users\SESI\.m2\repository\net\bytebuddy\byte-buddy\1.15.11\byte-buddy-1.15.11.jar;C:\Users\SESI\.m2\repository\org\glassfish\jaxb\jaxb-runtime\4.0.5\jaxb-runtime-4.0.5.jar;C:\Users\SESI\.m2\repository\org\glassfish\jaxb\jaxb-core\4.0.5\jaxb-core-4.0.5.jar;C:\Users\SESI\.m2\repository\org\eclipse\angus\angus-activation\2.0.2\angus-activation-2.0.2.jar;C:\Users\SESI\.m2\repository\org\glassfish\jaxb\txw2\4.0.5\txw2-4.0.5.jar;C:\Users\SESI\.m2\repository\com\sun\istack\istack-commons-runtime\4.1.2\istack-commons-runtime-4.1.2.jar;C:\Users\SESI\.m2\repository\jakarta\inject\jakarta.inject-api\2.0.1\jakarta.inject-api-2.0.1.jar;C:\Users\SESI\.m2\repository\org\antlr\antlr4-runtime\4.13.0\antlr4-runtime-4.13.0.jar;C:\Users\SESI\.m2\repository\org\springframework\data\spring-data-jpa\3.4.2\spring-data-jpa-3.4.2.jar;C:\Users\SESI\.m2\repository\org\springframework\data\spring-data-commons\3.4.2\spring-data-commons-3.4.2.jar;C:\Users\SESI\.m2\repository\org\springframework\spring-orm\6.2.2\spring-orm-6.2.2.jar;C:\Users\SESI\.m2\repository\org\springframework\spring-context\6.2.2\spring-context-6.2.2.jar;C:\Users\SESI\.m2\repository\org\springframework\spring-tx\6.2.2\spring-tx-6.2.2.jar;C:\Users\SESI\.m2\repository\org\springframework\spring-beans\6.2.2\spring-beans-6.2.2.jar;C:\Users\SESI\.m2\repository\org\slf4j\slf4j-api\2.0.16\slf4j-api-2.0.16.jar;C:\Users\SESI\.m2\repository\org\springframework\spring-aspects\6.2.2\spring-aspects-6.2.2.jar;C:\Users\SESI\.m2\repository\org\aspectj\aspectjweaver\1.9.22.1\aspectjweaver-1.9.22.1.jar;C:\Users\SESI\.m2\repository\org\springframework\boot\spring-boot-starter-validation\3.4.2\spring-boot-starter-validation-3.4.2.jar;C:\Users\SESI\.m2\repository\org\apache\tomcat\embed\tomcat-embed-el\10.1.34\tomcat-embed-el-10.1.34.jar;C:\Users\SESI\.m2\repository\org\hibernate\validator\hibernate-validator\8.0.2.Final\hibernate-validator-8.0.2.Final.jar;C:\Users\SESI\.m2\repository\jakarta\validation\jakarta.validation-api\3.0.2\jakarta.validation-api-3.0.2.jar;C:\Users\SESI\.m2\repository\org\springframework\boot\spring-boot-starter-web\3.4.2\spring-boot-starter-web-3.4.2.jar;C:\Users\SESI\.m2\repository\org\springframework\boot\spring-boot-starter-json\3.4.2\spring-boot-starter-json-3.4.2.jar;C:\Users\SESI\.m2\repository\com\fasterxml\jackson\core\jackson-databind\2.18.2\jackson-databind-2.18.2.jar;C:\Users\SESI\.m2\repository\com\fasterxml\jackson\core\jackson-annotations\2.18.2\jackson-annotations-2.18.2.jar;C:\Users\SESI\.m2\repository\com\fasterxml\jackson\core\jackson-core\2.18.2\jackson-core-2.18.2.jar;C:\Users\SESI\.m2\repository\com\fasterxml\jackson\datatype\jackson-datatype-jdk8\2.18.2\jackson-datatype-jdk8-2.18.2.jar;C:\Users\SESI\.m2\repository\com\fasterxml\jackson\datatype\jackson-datatype-jsr310\2.18.2\jackson-datatype-jsr310-2.18.2.jar;C:\Users\SESI\.m2\repository\com\fasterxml\jackson\module\jackson-module-parameter-names\2.18.2\jackson-module-parameter-names-2.18.2.jar;C:\Users\SESI\.m2\repository\org\springframework\boot\spring-boot-starter-tomcat\3.4.2\spring-boot-starter-tomcat-3.4.2.jar;C:\Users\SESI\.m2\repository\org\apache\tomcat\embed\tomcat-embed-core\10.1.34\tomcat-embed-core-10.1.34.jar;C:\Users\SESI\.m2\repository\org\apache\tomcat\embed\tomcat-embed-websocket\10.1.34\tomcat-embed-websocket-10.1.34.jar;C:\Users\SESI\.m2\repository\org\springframework\spring-web\6.2.2\spring-web-6.2.2.jar;C:\Users\SESI\.m2\repository\io\micrometer\micrometer-observation\1.14.3\micrometer-observation-1.14.3.jar;C:\Users\SESI\.m2\repository\io\micrometer\micrometer-commons\1.14.3\micrometer-commons-1.14.3.jar;C:\Users\SESI\.m2\repository\org\springframework\spring-webmvc\6.2.2\spring-webmvc-6.2.2.jar;C:\Users\SESI\.m2\repository\org\springframework\spring-expression\6.2.2\spring-expression-6.2.2.jar;C:\Users\SESI\.m2\repository\org\springframework\boot\spring-boot-starter-security\3.4.2\spring-boot-starter-security-3.4.2.jar;C:\Users\SESI\.m2\repository\org\springframework\spring-aop\6.2.2\spring-aop-6.2.2.jar;C:\Users\SESI\.m2\repository\org\springframework\security\spring-security-config\6.4.2\spring-security-config-6.4.2.jar;C:\Users\SESI\.m2\repository\org\springframework\security\spring-security-web\6.4.2\spring-security-web-6.4.2.jar;C:\Users\SESI\.m2\repository\org\springframework\security\spring-security-core\6.4.2\spring-security-core-6.4.2.jar;C:\Users\SESI\.m2\repository\org\springframework\security\spring-security-crypto\6.4.2\spring-security-crypto-6.4.2.jar;C:\Users\SESI\.m2\repository\org\springframework\spring-core\6.2.2\spring-core-6.2.2.jar;C:\Users\SESI\.m2\repository\org\springframework\spring-jcl\6.2.2\spring-jcl-6.2.2.jar;C:\Users\SESI\.m2\repository\com\mysql\mysql-connector-j\9.1.0\mysql-connector-j-9.1.0.jar;C:\Users\SESI\.m2\repository\org\projectlombok\lombok\1.18.36\lombok-1.18.36.jar;C:\Users\SESI\.m2\repository\jakarta\xml\bind\jakarta.xml.bind-api\4.0.2\jakarta.xml.bind-api-4.0.2.jar;C:\Users\SESI\.m2\repository\jakarta\activation\jakarta.activation-api\2.1.3\jakarta.activation-api-2.1.3.jar
Launcher Type: SUN_STANDARD

[Global flags]
     intx CICompilerCount                          = 4                                         {product} {ergonomic}
     uint ConcGCThreads                            = 2                                         {product} {ergonomic}
     uint G1ConcRefinementThreads                  = 8                                         {product} {ergonomic}
   size_t G1HeapRegionSize                         = 1048576                                   {product} {ergonomic}
   size_t InitialHeapSize                          = 130023424                                 {product} {ergonomic}
   size_t MarkStackSize                            = 4194304                                   {product} {ergonomic}
   size_t MarkStackSizeMax                         = 536870912                                 {product} {ergonomic}
   size_t MaxHeapSize                              = 2080374784                                {product} {ergonomic}
   size_t MaxNewSize                               = 1247805440                                {product} {ergonomic}
   size_t MinHeapDeltaBytes                        = 1048576                                   {product} {ergonomic}
   size_t MinHeapSize                              = 8388608                                   {product} {ergonomic}
    uintx NonNMethodCodeHeapSize                   = 5832704                                {pd product} {ergonomic}
    uintx NonProfiledCodeHeapSize                  = 122945536                              {pd product} {ergonomic}
    uintx ProfiledCodeHeapSize                     = 122880000                              {pd product} {ergonomic}
    uintx ReservedCodeCacheSize                    = 251658240                              {pd product} {ergonomic}
     bool SegmentedCodeCache                       = true                                      {product} {ergonomic}
   size_t SoftMaxHeapSize                          = 2080374784                             {manageable} {ergonomic}
     bool UseCompressedOops                        = true                           {product lp64_product} {ergonomic}
     bool UseG1GC                                  = true                                      {product} {ergonomic}
     bool UseLargePagesIndividualAllocation        = false                                  {pd product} {ergonomic}

Logging:
Log output configuration:
 #0: stdout all=warning uptime,level,tags foldmultilines=false
 #1: stderr all=off uptime,level,tags foldmultilines=false

Environment Variables:
PATH=C:\Program Files\Common Files\Oracle\Java\javapath;C:\Program Files (x86)\NVIDIA Corporation\PhysX\Common;C:\Windows\system32;C:\Windows;C:\Windows\System32\Wbem;C:\Windows\System32\WindowsPowerShell\v1.0\;C:\Windows\System32\OpenSSH\;C:\Program Files\dotnet\;C:\Program Files\Microsoft SQL Server\Client SDK\ODBC\170\Tools\Binn\;C:\Program Files (x86)\Microsoft SQL Server\150\Tools\Binn\;C:\Program Files\Microsoft SQL Server\150\Tools\Binn\;C:\Program Files\Microsoft SQL Server\150\DTS\Binn\;C:\Program Files (x86)\Windows Kits\8.1\Windows Performance Toolkit\;C:\Program Files\Microsoft VS Code\bin;C:\Program Files\nodejs\;C:\Users\SESI\AppData\Local\Microsoft\WindowsApps;C:\Users\SESI\AppData\Local\Programs\Git\cmd
USERNAME=SESI
OS=Windows_NT
PROCESSOR_IDENTIFIER=Intel64 Family 6 Model 140 Stepping 1, GenuineIntel
TMP=C:\Users\SESI\AppData\Local\Temp
TEMP=C:\Users\SESI\AppData\Local\Temp




Periodic native trim disabled

---------------  S Y S T E M  ---------------

OS:
 Windows 11 , 64 bit Build 26100 (10.0.26100.3775)
OS uptime: 0 days 7:47 hours

CPU: total 8 (initial active 8) (4 cores per cpu, 2 threads per core) family 6 model 140 stepping 1 microcode 0xb8, cx8, cmov, fxsr, ht, mmx, 3dnowpref, sse, sse2, sse3, ssse3, sse4.1, sse4.2, popcnt, lzcnt, tsc, tscinvbit, avx, avx2, aes, erms, clmul, bmi1, bmi2, adx, avx512f, avx512dq, avx512cd, avx512bw, avx512vl, sha, fma, vzeroupper, avx512_vpopcntdq, avx512_vpclmulqdq, avx512_vaes, avx512_vnni, clflush, clflushopt, clwb, avx512_vbmi2, avx512_vbmi, rdtscp, rdpid, fsrm, gfni, avx512_bitalg, f16c, pku, cet_ibt, cet_ss, avx512_ifma
Processor Information for the first 8 processors :
  Max Mhz: 1382, Current Mhz: 1382, Mhz Limit: 1382

Memory: 4k page, system-wide physical 7934M (593M free)
TotalPageFile size 32510M (AvailPageFile size 10M)
current process WorkingSet (physical memory assigned to process): 124M, peak: 124M
current process commit charge ("private bytes"): 253M, peak: 253M

vm_info: OpenJDK 64-Bit Server VM (23.0.2+7-58) for windows-amd64 JRE (23.0.2+7-58), built on 2024-11-29T09:34:55Z with MS VC++ 17.6 (VS2022)

END.
